<?xml version="1.0" encoding="UTF-8"?>
<testsuite xmlns:xsi="http://www.w3.org/2001/XMLSchema-instance" xsi:noNamespaceSchemaLocation="https://maven.apache.org/surefire/maven-surefire-plugin/xsd/surefire-test-report-3.0.xsd" version="3.0" name="edu.eci.cvds.tdd.library.loan.LoanTest" time="0.019" tests="6" errors="0" skipped="0" failures="0">
  <properties>
[...]
</properties>
  <testcase name="shouldReturnCorrectReturnDate" classname="edu.eci.cvds.tdd.library.loan.LoanTest" time="0.002"/>
  <testcase name="notshouldReturnNullReturnDateIfStatusIsActive" classname="edu.eci.cvds.tdd.library.loan.LoanTest" time="0.001"/>
  <testcase name="notshouldReturnCorrectLoanDetailsIfUserIsNull" classname="edu.eci.cvds.tdd.library.loan.LoanTest" time="0.002"/>
  <testcase name="shouldReturnCorrectLoanDetails" classname="edu.eci.cvds.tdd.library.loan.LoanTest" time="0.001"/>
  <testcase name="notshouldReturnCorrectLoanDetailsIfBookIsNull" classname="edu.eci.cvds.tdd.library.loan.LoanTest" time="0.002"/>
  <testcase name="shouldReturnCorrectLoanStatus" classname="edu.eci.cvds.tdd.library.loan.LoanTest" time="0.001"/>
</testsuite>